d:\vs2019\hanshu\debug\vc142.pdb
d:\vs2019\hanshu\debug\vc142.idb
d:\vs2019\hanshu\debug\通过函数参数修改指针的指向.obj
d:\vs2019\hanshu\debug\通过函数修改外部变量的值.obj
d:\vs2019\hanshu\debug\通过函数交换外部的值.obj
d:\vs2019\hanshu\debug\数组作参数.obj
d:\vs2019\hanshu\debug\函数基本知识.obj
d:\vs2019\hanshu\debug\return多个值.obj
d:\vs2019\hanshu\debug\malloc.obj
d:\vs2019\hanshu\debug\hanshu.ilk
d:\vs2019\hanshu\debug\hanshu.exe
d:\vs2019\hanshu\debug\hanshu.pdb
d:\c_c++\c\hanshu\debug\malloc.obj
d:\c_c++\c\hanshu\debug\return多个值.obj
d:\c_c++\c\hanshu\debug\函数基本知识.obj
d:\c_c++\c\hanshu\debug\数组作参数.obj
d:\c_c++\c\hanshu\debug\通过函数交换外部的值.obj
d:\c_c++\c\hanshu\debug\通过函数修改外部变量的值.obj
d:\c_c++\c\hanshu\debug\通过函数参数修改指针的指向.obj
d:\c_c++\c\hanshu\debug\hanshu.ilk
d:\c_c++\c\hanshu\debug\vc142.idb
d:\c_c++\c\hanshu\debug\hanshu.pdb
d:\c_c++\c\hanshu\debug\vc142.pdb
d:\c_c++\c\hanshu\debug\hanshu.exe
d:\c_c++\c\hanshu\debug\hanshu.tlog\cl.command.1.tlog
d:\c_c++\c\hanshu\debug\hanshu.tlog\cl.read.1.tlog
d:\c_c++\c\hanshu\debug\hanshu.tlog\cl.write.1.tlog
d:\c_c++\c\hanshu\debug\hanshu.tlog\link.command.1.tlog
d:\c_c++\c\hanshu\debug\hanshu.tlog\link.read.1.tlog
d:\c_c++\c\hanshu\debug\hanshu.tlog\link.write.1.tlog
